<?xml version="1.0" encoding="UTF-8"?>
<!-- Generated by org.testng.reporters.JUnitReportReporter -->
<testsuite hostname="MSI" failures="0" tests="1" name="AddOneRandomItem" time="4.477" errors="0" timestamp="2024-03-16T21:40:41 AST" skipped="0">
  <testcase classname="AddOneRandomItem" name="addOneRandomItemToTheCart" time="4.477"/>
</testsuite> <!-- AddOneRandomItem -->
