<?xml version="1.0" encoding="UTF-8"?>
<!-- Generated by org.testng.reporters.JUnitReportReporter -->
<testsuite hostname="MSI" failures="0" tests="3" name="AddOneRandomItem" time="17.953" errors="0" timestamp="2024-03-18T04:01:49 AST" skipped="0">
  <testcase classname="AddOneRandomItem" name="addOneRandomItemToTheCart" time="9.790"/>
  <testcase classname="AddOneRandomItem" name="checkoutProcess" time="5.504"/>
  <testcase classname="AddOneRandomItem" name="SignupProcess" time="2.659"/>
</testsuite> <!-- AddOneRandomItem -->
